Enter number of days
7
Thanks
The zookeeper Dan has arrived for day: 1
Zoo Keeper Dan attempted to wake Tony
Tony the Tiger has awaken!!
Zoo Keeper Dan attempted to wake Timmy
Timmy the Tiger has awaken!!
Zoo Keeper Dan attempted to wake Larry
Larry the Lizard has awaken!!
Zoo Keeper Dan attempted to wake Lorenne
Lorenne the Lizard has awaken!!
Zoo Keeper Dan attempted to wake Sam
Sam the Snake has awaken!!
Zoo Keeper Dan attempted to wake Sarah
Sarah the Snake has awaken!!
Zoo Keeper Dan attempted to wake Carrie
Carrie the Cat has awaken!!
Zoo Keeper Dan attempted to wake Chris
Chris the Cat has awaken!!
Zoo Keeper Dan attempted to wake Lemons
Lemons the Lion has awaken!!
Zoo Keeper Dan attempted to wake Laurel
Laurel the Lion has awaken!!
Zoo Keeper Dan attempted to wake Daniel
Daniel the Dog has awaken!!
Zoo Keeper Dan attempted to wake Darren
Darren the Dog has awaken!!
Zoo Keeper Dan attempted to wake Warren
Warren the Wolf has awaken!!
Zoo Keeper Dan attempted to wake Will
Will the Wolf has awaken!!
Zoo Keeper Dan attempted to wake Harry
Harry the Hippo has awaken!!
Zoo Keeper Dan attempted to wake Hamlet
Hamlet the Hippo has awaken!!
Zoo Keeper Dan attempted to wake Ryan
Ryan the Rhino has awaken!!
Zoo Keeper Dan attempted to wake Rosalina
Rosalina the Rhino has awaken!!
Zoo Keeper Dan attempted to wake Ellie
Ellie the Elephant has awaken!!
Zoo Keeper Dan attempted to wake Elizabeth
Elizabeth the Elephant has awaken!!
Zoo Keeper Dan attempted to count Tony as present
Tony the Tiger says ROARRR!
Zoo Keeper Dan attempted to count Timmy as present
Timmy the Tiger says ROARRR!
Zoo Keeper Dan attempted to count Larry as present
Larry the Lizard says Haerggg!
Zoo Keeper Dan attempted to count Lorenne as present
Lorenne the Lizard says Haerggg!
Zoo Keeper Dan attempted to count Sam as present
Sam the Snake says Haerggg!
Zoo Keeper Dan attempted to count Sarah as present
Sarah the Snake says Haerggg!
Zoo Keeper Dan attempted to count Carrie as present
Carrie the Cat says meow!
Zoo Keeper Dan attempted to count Chris as present
Chris the Cat says meow!
Zoo Keeper Dan attempted to count Lemons as present
Lemons the Lion says ROARRRRRRRRRRR!
Zoo Keeper Dan attempted to count Laurel as present
Laurel the Lion says ROARRRRRRRRRRR!
Zoo Keeper Dan attempted to count Daniel as present
Daniel the Dog says Bark!
Zoo Keeper Dan attempted to count Darren as present
Darren the Dog says Bark!
Zoo Keeper Dan attempted to count Warren as present
Warren the Wolf says HOWLLLL!
Zoo Keeper Dan attempted to count Will as present
Will the Wolf says HOWLLLL!
Zoo Keeper Dan attempted to count Harry as present
Harry the Hippo says kaflump!
Zoo Keeper Dan attempted to count Hamlet as present
Hamlet the Hippo says kaflump!
Zoo Keeper Dan attempted to count Ryan as present
Ryan the Rhino says Merrr!
Zoo Keeper Dan attempted to count Rosalina as present
Rosalina the Rhino says Merrr!
Zoo Keeper Dan attempted to count Ellie as present
Ellie the Elephantsays Ooooooooo!
Zoo Keeper Dan attempted to count Elizabeth as present
Elizabeth the Elephantsays Ooooooooo!
Zoo Keeper Dan attempted to feed Tony
Tony the Tiger devoured its dinner!
Zoo Keeper Dan attempted to feed Timmy
Timmy the Tiger devoured its dinner!
Zoo Keeper Dan attempted to feed Larry
Larry the Lizard has eaten!
Zoo Keeper Dan attempted to feed Lorenne
Lorenne the Lizard has eaten!
Zoo Keeper Dan attempted to feed Sam
Sam the Snake has eaten!
Zoo Keeper Dan attempted to feed Sarah
Sarah the Snake has eaten!
Zoo Keeper Dan attempted to feed Carrie
Carrie the Cat slowly ate from a can.
Zoo Keeper Dan attempted to feed Chris
Chris the Cat slowly ate from a can.
Zoo Keeper Dan attempted to feed Lemons
Lemons the Lion has eaten!
Zoo Keeper Dan attempted to feed Laurel
Laurel the Lion has eaten!
Zoo Keeper Dan attempted to feed Daniel
Daniel the Dog has eaten!
Zoo Keeper Dan attempted to feed Darren
Darren the Dog has eaten!
Zoo Keeper Dan attempted to feed Warren
Warren the Wolf tore its dinner to shreds!
Zoo Keeper Dan attempted to feed Will
Will the Wolf tore its dinner to shreds!
Zoo Keeper Dan attempted to feed Harry
Harry the Hippo has eaten!
Zoo Keeper Dan attempted to feed Hamlet
Hamlet the Hippo has eaten!
Zoo Keeper Dan attempted to feed Ryan
Ryan the Rhino ate some Mcdonalds some the in the exibit!
Zoo Keeper Dan attempted to feed Rosalina
Rosalina the Rhino ate some Mcdonalds some the in the exibit!
Zoo Keeper Dan attempted to feed Ellie
Ellie the Elephant has eaten!
Zoo Keeper Dan attempted to feed Elizabeth
Elizabeth the Elephant has eaten!
Zoo Keeper Dan attempted to excersize Tony
Tony the Tiger has worked out!
Zoo Keeper Dan attempted to excersize Timmy
Timmy the Tiger has worked out!
Zoo Keeper Dan attempted to excersize Larry
Larry the Lizard has worked out!
Zoo Keeper Dan attempted to excersize Lorenne
Lorenne the Lizard has worked out!
Zoo Keeper Dan attempted to excersize Sam
Sam the Snake has worked out!
Zoo Keeper Dan attempted to excersize Sarah
Sarah the Snake has worked out!
Zoo Keeper Dan attempted to excersize Carrie
Carrie the Cat has worked out!
Zoo Keeper Dan attempted to excersize Chris
Chris the Cat has worked out!
Zoo Keeper Dan attempted to excersize Lemons
Lemons the Lion has worked out!
Zoo Keeper Dan attempted to excersize Laurel
Laurel the Lion has worked out!
Zoo Keeper Dan attempted to excersize Daniel
Daniel the Dog excersized by roaming per usual
Zoo Keeper Dan attempted to excersize Darren
Darren the Dog excersized by roaming per usual
Zoo Keeper Dan attempted to excersize Warren
Warren the Wolf has worked out!
Zoo Keeper Dan attempted to excersize Will
Will the Wolf has worked out!
Zoo Keeper Dan attempted to excersize Harry
Harry the Hippo has excersized per usual.
Zoo Keeper Dan attempted to excersize Hamlet
Hamlet the Hippo has excersized per usual.
Zoo Keeper Dan attempted to excersize Ryan
Ryan the Rhino has excersized per usual.
Zoo Keeper Dan attempted to excersize Rosalina
Rosalina the Rhino has excersized per usual.
Zoo Keeper Dan attempted to excersize Ellie
Ellie the Elephant CHARGHED instead of sleeping!!
Zoo Keeper Dan attempted to excersize Elizabeth
Elizabeth the Elephant has excersized per usual.
Zoo Keeper Dan attempted to put Tony to sleep for the night.
Tony the Tiger roamed instead of sleeping.
Zoo Keeper Dan attempted to put Timmy to sleep for the night.
Timmy the Tiger selpt per usual.
Zoo Keeper Dan attempted to put Larry to sleep for the night.
Larry the Lizard has gone to bed.
Zoo Keeper Dan attempted to put Lorenne to sleep for the night.
Lorenne the Lizard has gone to bed.
Zoo Keeper Dan attempted to put Sam to sleep for the night.
Sam the Snake has gone to bed.
Zoo Keeper Dan attempted to put Sarah to sleep for the night.
Sarah the Snake has gone to bed.
Zoo Keeper Dan attempted to put Carrie to sleep for the night.
Carrie the Cat made a squak instead of sleeping.
Zoo Keeper Dan attempted to put Chris to sleep for the night.
Chris the Cat made a squak instead of sleeping.
Zoo Keeper Dan attempted to put Lemons to sleep for the night.
Lemons the Lion selpt per usual.
Zoo Keeper Dan attempted to put Laurel to sleep for the night.
Laurel the Lion selpt per usual.
Zoo Keeper Dan attempted to put Daniel to sleep for the night.
Daniel the Dog has gone to bed.
Zoo Keeper Dan attempted to put Darren to sleep for the night.
Darren the Dog has gone to bed.
Zoo Keeper Dan attempted to put Warren to sleep for the night.
Warren the Wolf has gone to bed.
Zoo Keeper Dan attempted to put Will to sleep for the night.
Will the Wolf has gone to bed.
Zoo Keeper Dan attempted to put Harry to sleep for the night.
Harry the Hippo has gone to bed.
Zoo Keeper Dan attempted to put Hamlet to sleep for the night.
Hamlet the Hippo has gone to bed.
Zoo Keeper Dan attempted to put Ryan to sleep for the night.
Ryan the Rhino has gone to bed.
Zoo Keeper Dan attempted to put Rosalina to sleep for the night.
Rosalina the Rhino has gone to bed.
Zoo Keeper Dan attempted to put Ellie to sleep for the night.
Ellie the Elephant has gone to bed.
Zoo Keeper Dan attempted to put Elizabeth to sleep for the night.
Elizabeth the Elephant has gone to bed.
The zookeeper Dan has left for day: 1
The zookeeper Dan has arrived for day: 2
Zoo Keeper Dan attempted to wake Tony
Tony the Tiger has awaken!!
Zoo Keeper Dan attempted to wake Timmy
Timmy the Tiger has awaken!!
Zoo Keeper Dan attempted to wake Larry
Larry the Lizard has awaken!!
Zoo Keeper Dan attempted to wake Lorenne
Lorenne the Lizard has awaken!!
Zoo Keeper Dan attempted to wake Sam
Sam the Snake has awaken!!
Zoo Keeper Dan attempted to wake Sarah
Sarah the Snake has awaken!!
Zoo Keeper Dan attempted to wake Carrie
Carrie the Cat has awaken!!
Zoo Keeper Dan attempted to wake Chris
Chris the Cat has awaken!!
Zoo Keeper Dan attempted to wake Lemons
Lemons the Lion has awaken!!
Zoo Keeper Dan attempted to wake Laurel
Laurel the Lion has awaken!!
Zoo Keeper Dan attempted to wake Daniel
Daniel the Dog has awaken!!
Zoo Keeper Dan attempted to wake Darren
Darren the Dog has awaken!!
Zoo Keeper Dan attempted to wake Warren
Warren the Wolf has awaken!!
Zoo Keeper Dan attempted to wake Will
Will the Wolf has awaken!!
Zoo Keeper Dan attempted to wake Harry
Harry the Hippo has awaken!!
Zoo Keeper Dan attempted to wake Hamlet
Hamlet the Hippo has awaken!!
Zoo Keeper Dan attempted to wake Ryan
Ryan the Rhino has awaken!!
Zoo Keeper Dan attempted to wake Rosalina
Rosalina the Rhino has awaken!!
Zoo Keeper Dan attempted to wake Ellie
Ellie the Elephant has awaken!!
Zoo Keeper Dan attempted to wake Elizabeth
Elizabeth the Elephant has awaken!!
Zoo Keeper Dan attempted to count Tony as present
Tony the Tiger says ROARRR!
Zoo Keeper Dan attempted to count Timmy as present
Timmy the Tiger says ROARRR!
Zoo Keeper Dan attempted to count Larry as present
Larry the Lizard says Haerggg!
Zoo Keeper Dan attempted to count Lorenne as present
Lorenne the Lizard says Haerggg!
Zoo Keeper Dan attempted to count Sam as present
Sam the Snake says Haerggg!
Zoo Keeper Dan attempted to count Sarah as present
Sarah the Snake says Haerggg!
Zoo Keeper Dan attempted to count Carrie as present
Carrie the Cat says meow!
Zoo Keeper Dan attempted to count Chris as present
Chris the Cat says meow!
Zoo Keeper Dan attempted to count Lemons as present
Lemons the Lion says ROARRRRRRRRRRR!
Zoo Keeper Dan attempted to count Laurel as present
Laurel the Lion says ROARRRRRRRRRRR!
Zoo Keeper Dan attempted to count Daniel as present
Daniel the Dog says Bark!
Zoo Keeper Dan attempted to count Darren as present
Darren the Dog says Bark!
Zoo Keeper Dan attempted to count Warren as present
Warren the Wolf says HOWLLLL!
Zoo Keeper Dan attempted to count Will as present
Will the Wolf says HOWLLLL!
Zoo Keeper Dan attempted to count Harry as present
Harry the Hippo says kaflump!
Zoo Keeper Dan attempted to count Hamlet as present
Hamlet the Hippo says kaflump!
Zoo Keeper Dan attempted to count Ryan as present
Ryan the Rhino says Merrr!
Zoo Keeper Dan attempted to count Rosalina as present
Rosalina the Rhino says Merrr!
Zoo Keeper Dan attempted to count Ellie as present
Ellie the Elephantsays Ooooooooo!
Zoo Keeper Dan attempted to count Elizabeth as present
Elizabeth the Elephantsays Ooooooooo!
Zoo Keeper Dan attempted to feed Tony
Tony the Tiger devoured its dinner!
Zoo Keeper Dan attempted to feed Timmy
Timmy the Tiger devoured its dinner!
Zoo Keeper Dan attempted to feed Larry
Larry the Lizard has eaten!
Zoo Keeper Dan attempted to feed Lorenne
Lorenne the Lizard has eaten!
Zoo Keeper Dan attempted to feed Sam
Sam the Snake has eaten!
Zoo Keeper Dan attempted to feed Sarah
Sarah the Snake has eaten!
Zoo Keeper Dan attempted to feed Carrie
Carrie the Cat slowly ate from a can.
Zoo Keeper Dan attempted to feed Chris
Chris the Cat slowly ate from a can.
Zoo Keeper Dan attempted to feed Lemons
Lemons the Lion has eaten!
Zoo Keeper Dan attempted to feed Laurel
Laurel the Lion has eaten!
Zoo Keeper Dan attempted to feed Daniel
Daniel the Dog has eaten!
Zoo Keeper Dan attempted to feed Darren
Darren the Dog has eaten!
Zoo Keeper Dan attempted to feed Warren
Warren the Wolf tore its dinner to shreds!
Zoo Keeper Dan attempted to feed Will
Will the Wolf tore its dinner to shreds!
Zoo Keeper Dan attempted to feed Harry
Harry the Hippo has eaten!
Zoo Keeper Dan attempted to feed Hamlet
Hamlet the Hippo has eaten!
Zoo Keeper Dan attempted to feed Ryan
Ryan the Rhino ate some Mcdonalds some the in the exibit!
Zoo Keeper Dan attempted to feed Rosalina
Rosalina the Rhino ate some Mcdonalds some the in the exibit!
Zoo Keeper Dan attempted to feed Ellie
Ellie the Elephant has eaten!
Zoo Keeper Dan attempted to feed Elizabeth
Elizabeth the Elephant has eaten!
Zoo Keeper Dan attempted to excersize Tony
Tony the Tiger has worked out!
Zoo Keeper Dan attempted to excersize Timmy
Timmy the Tiger has worked out!
Zoo Keeper Dan attempted to excersize Larry
Larry the Lizard has worked out!
Zoo Keeper Dan attempted to excersize Lorenne
Lorenne the Lizard has worked out!
Zoo Keeper Dan attempted to excersize Sam
Sam the Snake has worked out!
Zoo Keeper Dan attempted to excersize Sarah
Sarah the Snake has worked out!
Zoo Keeper Dan attempted to excersize Carrie
Carrie the Cat has worked out!
Zoo Keeper Dan attempted to excersize Chris
Chris the Cat has worked out!
Zoo Keeper Dan attempted to excersize Lemons
Lemons the Lion has worked out!
Zoo Keeper Dan attempted to excersize Laurel
Laurel the Lion has worked out!
Zoo Keeper Dan attempted to excersize Daniel
Daniel the Dog excersized by roaming per usual
Zoo Keeper Dan attempted to excersize Darren
Darren the Dog excersized by roaming per usual
Zoo Keeper Dan attempted to excersize Warren
Warren the Wolf has worked out!
Zoo Keeper Dan attempted to excersize Will
Will the Wolf has worked out!
Zoo Keeper Dan attempted to excersize Harry
Harry the Hippo has excersized per usual.
Zoo Keeper Dan attempted to excersize Hamlet
Hamlet the Hippo has excersized per usual.
Zoo Keeper Dan attempted to excersize Ryan
Ryan the Rhino has excersized per usual.
Zoo Keeper Dan attempted to excersize Rosalina
Rosalina the Rhino has excersized per usual.
Zoo Keeper Dan attempted to excersize Ellie
Ellie the Elephant has excersized per usual.
Zoo Keeper Dan attempted to excersize Elizabeth
Elizabeth the Elephant CHARGHED instead of sleeping!!
Zoo Keeper Dan attempted to put Tony to sleep for the night.
Tony the Tiger roamed instead of sleeping.
Zoo Keeper Dan attempted to put Timmy to sleep for the night.
Timmy the Tiger selpt per usual.
Zoo Keeper Dan attempted to put Larry to sleep for the night.
Larry the Lizard has gone to bed.
Zoo Keeper Dan attempted to put Lorenne to sleep for the night.
Lorenne the Lizard has gone to bed.
Zoo Keeper Dan attempted to put Sam to sleep for the night.
Sam the Snake has gone to bed.
Zoo Keeper Dan attempted to put Sarah to sleep for the night.
Sarah the Snake has gone to bed.
Zoo Keeper Dan attempted to put Carrie to sleep for the night.
Carrie the Cat selpt per usual.
Zoo Keeper Dan attempted to put Chris to sleep for the night.
Chris the Cat made a squak instead of sleeping.
Zoo Keeper Dan attempted to put Lemons to sleep for the night.
Lemons the Lion roamed instead of sleeping.
Zoo Keeper Dan attempted to put Laurel to sleep for the night.
Laurel the Lion selpt per usual.
Zoo Keeper Dan attempted to put Daniel to sleep for the night.
Daniel the Dog has gone to bed.
Zoo Keeper Dan attempted to put Darren to sleep for the night.
Darren the Dog has gone to bed.
Zoo Keeper Dan attempted to put Warren to sleep for the night.
Warren the Wolf has gone to bed.
Zoo Keeper Dan attempted to put Will to sleep for the night.
Will the Wolf has gone to bed.
Zoo Keeper Dan attempted to put Harry to sleep for the night.
Harry the Hippo has gone to bed.
Zoo Keeper Dan attempted to put Hamlet to sleep for the night.
Hamlet the Hippo has gone to bed.
Zoo Keeper Dan attempted to put Ryan to sleep for the night.
Ryan the Rhino has gone to bed.
Zoo Keeper Dan attempted to put Rosalina to sleep for the night.
Rosalina the Rhino has gone to bed.
Zoo Keeper Dan attempted to put Ellie to sleep for the night.
Ellie the Elephant has gone to bed.
Zoo Keeper Dan attempted to put Elizabeth to sleep for the night.
Elizabeth the Elephant has gone to bed.
The zookeeper Dan has left for day: 2
The zookeeper Dan has arrived for day: 3
Zoo Keeper Dan attempted to wake Tony
Tony the Tiger has awaken!!
Zoo Keeper Dan attempted to wake Timmy
Timmy the Tiger has awaken!!
Zoo Keeper Dan attempted to wake Larry
Larry the Lizard has awaken!!
Zoo Keeper Dan attempted to wake Lorenne
Lorenne the Lizard has awaken!!
Zoo Keeper Dan attempted to wake Sam
Sam the Snake has awaken!!
Zoo Keeper Dan attempted to wake Sarah
Sarah the Snake has awaken!!
Zoo Keeper Dan attempted to wake Carrie
Carrie the Cat has awaken!!
Zoo Keeper Dan attempted to wake Chris
Chris the Cat has awaken!!
Zoo Keeper Dan attempted to wake Lemons
Lemons the Lion has awaken!!
Zoo Keeper Dan attempted to wake Laurel
Laurel the Lion has awaken!!
Zoo Keeper Dan attempted to wake Daniel
Daniel the Dog has awaken!!
Zoo Keeper Dan attempted to wake Darren
Darren the Dog has awaken!!
Zoo Keeper Dan attempted to wake Warren
Warren the Wolf has awaken!!
Zoo Keeper Dan attempted to wake Will
Will the Wolf has awaken!!
Zoo Keeper Dan attempted to wake Harry
Harry the Hippo has awaken!!
Zoo Keeper Dan attempted to wake Hamlet
Hamlet the Hippo has awaken!!
Zoo Keeper Dan attempted to wake Ryan
Ryan the Rhino has awaken!!
Zoo Keeper Dan attempted to wake Rosalina
Rosalina the Rhino has awaken!!
Zoo Keeper Dan attempted to wake Ellie
Ellie the Elephant has awaken!!
Zoo Keeper Dan attempted to wake Elizabeth
Elizabeth the Elephant has awaken!!
Zoo Keeper Dan attempted to count Tony as present
Tony the Tiger says ROARRR!
Zoo Keeper Dan attempted to count Timmy as present
Timmy the Tiger says ROARRR!
Zoo Keeper Dan attempted to count Larry as present
Larry the Lizard says Haerggg!
Zoo Keeper Dan attempted to count Lorenne as present
Lorenne the Lizard says Haerggg!
Zoo Keeper Dan attempted to count Sam as present
Sam the Snake says Haerggg!
Zoo Keeper Dan attempted to count Sarah as present
Sarah the Snake says Haerggg!
Zoo Keeper Dan attempted to count Carrie as present
Carrie the Cat says meow!
Zoo Keeper Dan attempted to count Chris as present
Chris the Cat says meow!
Zoo Keeper Dan attempted to count Lemons as present
Lemons the Lion says ROARRRRRRRRRRR!
Zoo Keeper Dan attempted to count Laurel as present
Laurel the Lion says ROARRRRRRRRRRR!
Zoo Keeper Dan attempted to count Daniel as present
Daniel the Dog says Bark!
Zoo Keeper Dan attempted to count Darren as present
Darren the Dog says Bark!
Zoo Keeper Dan attempted to count Warren as present
Warren the Wolf says HOWLLLL!
Zoo Keeper Dan attempted to count Will as present
Will the Wolf says HOWLLLL!
Zoo Keeper Dan attempted to count Harry as present
Harry the Hippo says kaflump!
Zoo Keeper Dan attempted to count Hamlet as present
Hamlet the Hippo says kaflump!
Zoo Keeper Dan attempted to count Ryan as present
Ryan the Rhino says Merrr!
Zoo Keeper Dan attempted to count Rosalina as present
Rosalina the Rhino says Merrr!
Zoo Keeper Dan attempted to count Ellie as present
Ellie the Elephantsays Ooooooooo!
Zoo Keeper Dan attempted to count Elizabeth as present
Elizabeth the Elephantsays Ooooooooo!
Zoo Keeper Dan attempted to feed Tony
Tony the Tiger devoured its dinner!
Zoo Keeper Dan attempted to feed Timmy
Timmy the Tiger devoured its dinner!
Zoo Keeper Dan attempted to feed Larry
Larry the Lizard has eaten!
Zoo Keeper Dan attempted to feed Lorenne
Lorenne the Lizard has eaten!
Zoo Keeper Dan attempted to feed Sam
Sam the Snake has eaten!
Zoo Keeper Dan attempted to feed Sarah
Sarah the Snake has eaten!
Zoo Keeper Dan attempted to feed Carrie
Carrie the Cat slowly ate from a can.
Zoo Keeper Dan attempted to feed Chris
Chris the Cat slowly ate from a can.
Zoo Keeper Dan attempted to feed Lemons
Lemons the Lion has eaten!
Zoo Keeper Dan attempted to feed Laurel
Laurel the Lion has eaten!
Zoo Keeper Dan attempted to feed Daniel
Daniel the Dog has eaten!
Zoo Keeper Dan attempted to feed Darren
Darren the Dog has eaten!
Zoo Keeper Dan attempted to feed Warren
Warren the Wolf tore its dinner to shreds!
Zoo Keeper Dan attempted to feed Will
Will the Wolf tore its dinner to shreds!
Zoo Keeper Dan attempted to feed Harry
Harry the Hippo has eaten!
Zoo Keeper Dan attempted to feed Hamlet
Hamlet the Hippo has eaten!
Zoo Keeper Dan attempted to feed Ryan
Ryan the Rhino ate some Mcdonalds some the in the exibit!
Zoo Keeper Dan attempted to feed Rosalina
Rosalina the Rhino ate some Mcdonalds some the in the exibit!
Zoo Keeper Dan attempted to feed Ellie
Ellie the Elephant has eaten!
Zoo Keeper Dan attempted to feed Elizabeth
Elizabeth the Elephant has eaten!
Zoo Keeper Dan attempted to excersize Tony
Tony the Tiger has worked out!
Zoo Keeper Dan attempted to excersize Timmy
Timmy the Tiger has worked out!
Zoo Keeper Dan attempted to excersize Larry
Larry the Lizard has worked out!
Zoo Keeper Dan attempted to excersize Lorenne
Lorenne the Lizard has worked out!
Zoo Keeper Dan attempted to excersize Sam
Sam the Snake has worked out!
Zoo Keeper Dan attempted to excersize Sarah
Sarah the Snake has worked out!
Zoo Keeper Dan attempted to excersize Carrie
Carrie the Cat has worked out!
Zoo Keeper Dan attempted to excersize Chris
Chris the Cat has worked out!
Zoo Keeper Dan attempted to excersize Lemons
Lemons the Lion has worked out!
Zoo Keeper Dan attempted to excersize Laurel
Laurel the Lion has worked out!
Zoo Keeper Dan attempted to excersize Daniel
Daniel the Dog excersized by roaming per usual
Zoo Keeper Dan attempted to excersize Darren
Darren the Dog excersized by roaming per usual
Zoo Keeper Dan attempted to excersize Warren
Warren the Wolf has worked out!
Zoo Keeper Dan attempted to excersize Will
Will the Wolf has worked out!
Zoo Keeper Dan attempted to excersize Harry
Harry the Hippo has excersized per usual.
Zoo Keeper Dan attempted to excersize Hamlet
Hamlet the Hippo has excersized per usual.
Zoo Keeper Dan attempted to excersize Ryan
Ryan the Rhino CHARGHED instead of sleeping!!
Zoo Keeper Dan attempted to excersize Rosalina
Rosalina the Rhino has excersized per usual.
Zoo Keeper Dan attempted to excersize Ellie
Ellie the Elephant has excersized per usual.
Zoo Keeper Dan attempted to excersize Elizabeth
Elizabeth the Elephant has excersized per usual.
Zoo Keeper Dan attempted to put Tony to sleep for the night.
Tony the Tiger roamed instead of sleeping.
Zoo Keeper Dan attempted to put Timmy to sleep for the night.
Timmy the Tiger selpt per usual.
Zoo Keeper Dan attempted to put Larry to sleep for the night.
Larry the Lizard has gone to bed.
Zoo Keeper Dan attempted to put Lorenne to sleep for the night.
Lorenne the Lizard has gone to bed.
Zoo Keeper Dan attempted to put Sam to sleep for the night.
Sam the Snake has gone to bed.
Zoo Keeper Dan attempted to put Sarah to sleep for the night.
Sarah the Snake has gone to bed.
Zoo Keeper Dan attempted to put Carrie to sleep for the night.
Carrie the Cat selpt per usual.
Zoo Keeper Dan attempted to put Chris to sleep for the night.
Chris the Cat made a squak instead of sleeping.
Zoo Keeper Dan attempted to put Lemons to sleep for the night.
Lemons the Lion roamed instead of sleeping.
Zoo Keeper Dan attempted to put Laurel to sleep for the night.
Laurel the Lion roamed instead of sleeping.
Zoo Keeper Dan attempted to put Daniel to sleep for the night.
Daniel the Dog has gone to bed.
Zoo Keeper Dan attempted to put Darren to sleep for the night.
Darren the Dog has gone to bed.
Zoo Keeper Dan attempted to put Warren to sleep for the night.
Warren the Wolf has gone to bed.
Zoo Keeper Dan attempted to put Will to sleep for the night.
Will the Wolf has gone to bed.
Zoo Keeper Dan attempted to put Harry to sleep for the night.
Harry the Hippo has gone to bed.
Zoo Keeper Dan attempted to put Hamlet to sleep for the night.
Hamlet the Hippo has gone to bed.
Zoo Keeper Dan attempted to put Ryan to sleep for the night.
Ryan the Rhino has gone to bed.
Zoo Keeper Dan attempted to put Rosalina to sleep for the night.
Rosalina the Rhino has gone to bed.
Zoo Keeper Dan attempted to put Ellie to sleep for the night.
Ellie the Elephant has gone to bed.
Zoo Keeper Dan attempted to put Elizabeth to sleep for the night.
Elizabeth the Elephant has gone to bed.
The zookeeper Dan has left for day: 3
The zookeeper Dan has arrived for day: 4
Zoo Keeper Dan attempted to wake Tony
Tony the Tiger has awaken!!
Zoo Keeper Dan attempted to wake Timmy
Timmy the Tiger has awaken!!
Zoo Keeper Dan attempted to wake Larry
Larry the Lizard has awaken!!
Zoo Keeper Dan attempted to wake Lorenne
Lorenne the Lizard has awaken!!
Zoo Keeper Dan attempted to wake Sam
Sam the Snake has awaken!!
Zoo Keeper Dan attempted to wake Sarah
Sarah the Snake has awaken!!
Zoo Keeper Dan attempted to wake Carrie
Carrie the Cat has awaken!!
Zoo Keeper Dan attempted to wake Chris
Chris the Cat has awaken!!
Zoo Keeper Dan attempted to wake Lemons
Lemons the Lion has awaken!!
Zoo Keeper Dan attempted to wake Laurel
Laurel the Lion has awaken!!
Zoo Keeper Dan attempted to wake Daniel
Daniel the Dog has awaken!!
Zoo Keeper Dan attempted to wake Darren
Darren the Dog has awaken!!
Zoo Keeper Dan attempted to wake Warren
Warren the Wolf has awaken!!
Zoo Keeper Dan attempted to wake Will
Will the Wolf has awaken!!
Zoo Keeper Dan attempted to wake Harry
Harry the Hippo has awaken!!
Zoo Keeper Dan attempted to wake Hamlet
Hamlet the Hippo has awaken!!
Zoo Keeper Dan attempted to wake Ryan
Ryan the Rhino has awaken!!
Zoo Keeper Dan attempted to wake Rosalina
Rosalina the Rhino has awaken!!
Zoo Keeper Dan attempted to wake Ellie
Ellie the Elephant has awaken!!
Zoo Keeper Dan attempted to wake Elizabeth
Elizabeth the Elephant has awaken!!
Zoo Keeper Dan attempted to count Tony as present
Tony the Tiger says ROARRR!
Zoo Keeper Dan attempted to count Timmy as present
Timmy the Tiger says ROARRR!
Zoo Keeper Dan attempted to count Larry as present
Larry the Lizard says Haerggg!
Zoo Keeper Dan attempted to count Lorenne as present
Lorenne the Lizard says Haerggg!
Zoo Keeper Dan attempted to count Sam as present
Sam the Snake says Haerggg!
Zoo Keeper Dan attempted to count Sarah as present
Sarah the Snake says Haerggg!
Zoo Keeper Dan attempted to count Carrie as present
Carrie the Cat says meow!
Zoo Keeper Dan attempted to count Chris as present
Chris the Cat says meow!
Zoo Keeper Dan attempted to count Lemons as present
Lemons the Lion says ROARRRRRRRRRRR!
Zoo Keeper Dan attempted to count Laurel as present
Laurel the Lion says ROARRRRRRRRRRR!
Zoo Keeper Dan attempted to count Daniel as present
Daniel the Dog says Bark!
Zoo Keeper Dan attempted to count Darren as present
Darren the Dog says Bark!
Zoo Keeper Dan attempted to count Warren as present
Warren the Wolf says HOWLLLL!
Zoo Keeper Dan attempted to count Will as present
Will the Wolf says HOWLLLL!
Zoo Keeper Dan attempted to count Harry as present
Harry the Hippo says kaflump!
Zoo Keeper Dan attempted to count Hamlet as present
Hamlet the Hippo says kaflump!
Zoo Keeper Dan attempted to count Ryan as present
Ryan the Rhino says Merrr!
Zoo Keeper Dan attempted to count Rosalina as present
Rosalina the Rhino says Merrr!
Zoo Keeper Dan attempted to count Ellie as present
Ellie the Elephantsays Ooooooooo!
Zoo Keeper Dan attempted to count Elizabeth as present
Elizabeth the Elephantsays Ooooooooo!
Zoo Keeper Dan attempted to feed Tony
Tony the Tiger devoured its dinner!
Zoo Keeper Dan attempted to feed Timmy
Timmy the Tiger devoured its dinner!
Zoo Keeper Dan attempted to feed Larry
Larry the Lizard has eaten!
Zoo Keeper Dan attempted to feed Lorenne
Lorenne the Lizard has eaten!
Zoo Keeper Dan attempted to feed Sam
Sam the Snake has eaten!
Zoo Keeper Dan attempted to feed Sarah
Sarah the Snake has eaten!
Zoo Keeper Dan attempted to feed Carrie
Carrie the Cat slowly ate from a can.
Zoo Keeper Dan attempted to feed Chris
Chris the Cat slowly ate from a can.
Zoo Keeper Dan attempted to feed Lemons
Lemons the Lion has eaten!
Zoo Keeper Dan attempted to feed Laurel
Laurel the Lion has eaten!
Zoo Keeper Dan attempted to feed Daniel
Daniel the Dog has eaten!
Zoo Keeper Dan attempted to feed Darren
Darren the Dog has eaten!
Zoo Keeper Dan attempted to feed Warren
Warren the Wolf tore its dinner to shreds!
Zoo Keeper Dan attempted to feed Will
Will the Wolf tore its dinner to shreds!
Zoo Keeper Dan attempted to feed Harry
Harry the Hippo has eaten!
Zoo Keeper Dan attempted to feed Hamlet
Hamlet the Hippo has eaten!
Zoo Keeper Dan attempted to feed Ryan
Ryan the Rhino ate some Mcdonalds some the in the exibit!
Zoo Keeper Dan attempted to feed Rosalina
Rosalina the Rhino ate some Mcdonalds some the in the exibit!
Zoo Keeper Dan attempted to feed Ellie
Ellie the Elephant has eaten!
Zoo Keeper Dan attempted to feed Elizabeth
Elizabeth the Elephant has eaten!
Zoo Keeper Dan attempted to excersize Tony
Tony the Tiger has worked out!
Zoo Keeper Dan attempted to excersize Timmy
Timmy the Tiger has worked out!
Zoo Keeper Dan attempted to excersize Larry
Larry the Lizard has worked out!
Zoo Keeper Dan attempted to excersize Lorenne
Lorenne the Lizard has worked out!
Zoo Keeper Dan attempted to excersize Sam
Sam the Snake has worked out!
Zoo Keeper Dan attempted to excersize Sarah
Sarah the Snake has worked out!
Zoo Keeper Dan attempted to excersize Carrie
Carrie the Cat has worked out!
Zoo Keeper Dan attempted to excersize Chris
Chris the Cat has worked out!
Zoo Keeper Dan attempted to excersize Lemons
Lemons the Lion has worked out!
Zoo Keeper Dan attempted to excersize Laurel
Laurel the Lion has worked out!
Zoo Keeper Dan attempted to excersize Daniel
Daniel the Dog excersized by roaming per usual
Zoo Keeper Dan attempted to excersize Darren
Darren the Dog excersized by roaming per usual
Zoo Keeper Dan attempted to excersize Warren
Warren the Wolf has worked out!
Zoo Keeper Dan attempted to excersize Will
Will the Wolf has worked out!
Zoo Keeper Dan attempted to excersize Harry
Harry the Hippo has excersized per usual.
Zoo Keeper Dan attempted to excersize Hamlet
Hamlet the Hippo has excersized per usual.
Zoo Keeper Dan attempted to excersize Ryan
Ryan the Rhino CHARGHED instead of sleeping!!
Zoo Keeper Dan attempted to excersize Rosalina
Rosalina the Rhino has excersized per usual.
Zoo Keeper Dan attempted to excersize Ellie
Ellie the Elephant has excersized per usual.
Zoo Keeper Dan attempted to excersize Elizabeth
Elizabeth the Elephant has excersized per usual.
Zoo Keeper Dan attempted to put Tony to sleep for the night.
Tony the Tiger roamed instead of sleeping.
Zoo Keeper Dan attempted to put Timmy to sleep for the night.
Timmy the Tiger selpt per usual.
Zoo Keeper Dan attempted to put Larry to sleep for the night.
Larry the Lizard has gone to bed.
Zoo Keeper Dan attempted to put Lorenne to sleep for the night.
Lorenne the Lizard has gone to bed.
Zoo Keeper Dan attempted to put Sam to sleep for the night.
Sam the Snake has gone to bed.
Zoo Keeper Dan attempted to put Sarah to sleep for the night.
Sarah the Snake has gone to bed.
Zoo Keeper Dan attempted to put Carrie to sleep for the night.
Carrie the Cat selpt per usual.
Zoo Keeper Dan attempted to put Chris to sleep for the night.
Chris the Cat roamed instead of sleeping.
Zoo Keeper Dan attempted to put Lemons to sleep for the night.
Lemons the Lion made a squak instead of sleeping.
Zoo Keeper Dan attempted to put Laurel to sleep for the night.
Laurel the Lion made a squak instead of sleeping.
Zoo Keeper Dan attempted to put Daniel to sleep for the night.
Daniel the Dog has gone to bed.
Zoo Keeper Dan attempted to put Darren to sleep for the night.
Darren the Dog has gone to bed.
Zoo Keeper Dan attempted to put Warren to sleep for the night.
Warren the Wolf has gone to bed.
Zoo Keeper Dan attempted to put Will to sleep for the night.
Will the Wolf has gone to bed.
Zoo Keeper Dan attempted to put Harry to sleep for the night.
Harry the Hippo has gone to bed.
Zoo Keeper Dan attempted to put Hamlet to sleep for the night.
Hamlet the Hippo has gone to bed.
Zoo Keeper Dan attempted to put Ryan to sleep for the night.
Ryan the Rhino has gone to bed.
Zoo Keeper Dan attempted to put Rosalina to sleep for the night.
Rosalina the Rhino has gone to bed.
Zoo Keeper Dan attempted to put Ellie to sleep for the night.
Ellie the Elephant has gone to bed.
Zoo Keeper Dan attempted to put Elizabeth to sleep for the night.
Elizabeth the Elephant has gone to bed.
The zookeeper Dan has left for day: 4
The zookeeper Dan has arrived for day: 5
Zoo Keeper Dan attempted to wake Tony
Tony the Tiger has awaken!!
Zoo Keeper Dan attempted to wake Timmy
Timmy the Tiger has awaken!!
Zoo Keeper Dan attempted to wake Larry
Larry the Lizard has awaken!!
Zoo Keeper Dan attempted to wake Lorenne
Lorenne the Lizard has awaken!!
Zoo Keeper Dan attempted to wake Sam
Sam the Snake has awaken!!
Zoo Keeper Dan attempted to wake Sarah
Sarah the Snake has awaken!!
Zoo Keeper Dan attempted to wake Carrie
Carrie the Cat has awaken!!
Zoo Keeper Dan attempted to wake Chris
Chris the Cat has awaken!!
Zoo Keeper Dan attempted to wake Lemons
Lemons the Lion has awaken!!
Zoo Keeper Dan attempted to wake Laurel
Laurel the Lion has awaken!!
Zoo Keeper Dan attempted to wake Daniel
Daniel the Dog has awaken!!
Zoo Keeper Dan attempted to wake Darren
Darren the Dog has awaken!!
Zoo Keeper Dan attempted to wake Warren
Warren the Wolf has awaken!!
Zoo Keeper Dan attempted to wake Will
Will the Wolf has awaken!!
Zoo Keeper Dan attempted to wake Harry
Harry the Hippo has awaken!!
Zoo Keeper Dan attempted to wake Hamlet
Hamlet the Hippo has awaken!!
Zoo Keeper Dan attempted to wake Ryan
Ryan the Rhino has awaken!!
Zoo Keeper Dan attempted to wake Rosalina
Rosalina the Rhino has awaken!!
Zoo Keeper Dan attempted to wake Ellie
Ellie the Elephant has awaken!!
Zoo Keeper Dan attempted to wake Elizabeth
Elizabeth the Elephant has awaken!!
Zoo Keeper Dan attempted to count Tony as present
Tony the Tiger says ROARRR!
Zoo Keeper Dan attempted to count Timmy as present
Timmy the Tiger says ROARRR!
Zoo Keeper Dan attempted to count Larry as present
Larry the Lizard says Haerggg!
Zoo Keeper Dan attempted to count Lorenne as present
Lorenne the Lizard says Haerggg!
Zoo Keeper Dan attempted to count Sam as present
Sam the Snake says Haerggg!
Zoo Keeper Dan attempted to count Sarah as present
Sarah the Snake says Haerggg!
Zoo Keeper Dan attempted to count Carrie as present
Carrie the Cat says meow!
Zoo Keeper Dan attempted to count Chris as present
Chris the Cat says meow!
Zoo Keeper Dan attempted to count Lemons as present
Lemons the Lion says ROARRRRRRRRRRR!
Zoo Keeper Dan attempted to count Laurel as present
Laurel the Lion says ROARRRRRRRRRRR!
Zoo Keeper Dan attempted to count Daniel as present
Daniel the Dog says Bark!
Zoo Keeper Dan attempted to count Darren as present
Darren the Dog says Bark!
Zoo Keeper Dan attempted to count Warren as present
Warren the Wolf says HOWLLLL!
Zoo Keeper Dan attempted to count Will as present
Will the Wolf says HOWLLLL!
Zoo Keeper Dan attempted to count Harry as present
Harry the Hippo says kaflump!
Zoo Keeper Dan attempted to count Hamlet as present
Hamlet the Hippo says kaflump!
Zoo Keeper Dan attempted to count Ryan as present
Ryan the Rhino says Merrr!
Zoo Keeper Dan attempted to count Rosalina as present
Rosalina the Rhino says Merrr!
Zoo Keeper Dan attempted to count Ellie as present
Ellie the Elephantsays Ooooooooo!
Zoo Keeper Dan attempted to count Elizabeth as present
Elizabeth the Elephantsays Ooooooooo!
Zoo Keeper Dan attempted to feed Tony
Tony the Tiger devoured its dinner!
Zoo Keeper Dan attempted to feed Timmy
Timmy the Tiger devoured its dinner!
Zoo Keeper Dan attempted to feed Larry
Larry the Lizard has eaten!
Zoo Keeper Dan attempted to feed Lorenne
Lorenne the Lizard has eaten!
Zoo Keeper Dan attempted to feed Sam
Sam the Snake has eaten!
Zoo Keeper Dan attempted to feed Sarah
Sarah the Snake has eaten!
Zoo Keeper Dan attempted to feed Carrie
Carrie the Cat slowly ate from a can.
Zoo Keeper Dan attempted to feed Chris
Chris the Cat slowly ate from a can.
Zoo Keeper Dan attempted to feed Lemons
Lemons the Lion has eaten!
Zoo Keeper Dan attempted to feed Laurel
Laurel the Lion has eaten!
Zoo Keeper Dan attempted to feed Daniel
Daniel the Dog has eaten!
Zoo Keeper Dan attempted to feed Darren
Darren the Dog has eaten!
Zoo Keeper Dan attempted to feed Warren
Warren the Wolf tore its dinner to shreds!
Zoo Keeper Dan attempted to feed Will
Will the Wolf tore its dinner to shreds!
Zoo Keeper Dan attempted to feed Harry
Harry the Hippo has eaten!
Zoo Keeper Dan attempted to feed Hamlet
Hamlet the Hippo has eaten!
Zoo Keeper Dan attempted to feed Ryan
Ryan the Rhino ate some Mcdonalds some the in the exibit!
Zoo Keeper Dan attempted to feed Rosalina
Rosalina the Rhino ate some Mcdonalds some the in the exibit!
Zoo Keeper Dan attempted to feed Ellie
Ellie the Elephant has eaten!
Zoo Keeper Dan attempted to feed Elizabeth
Elizabeth the Elephant has eaten!
Zoo Keeper Dan attempted to excersize Tony
Tony the Tiger has worked out!
Zoo Keeper Dan attempted to excersize Timmy
Timmy the Tiger has worked out!
Zoo Keeper Dan attempted to excersize Larry
Larry the Lizard has worked out!
Zoo Keeper Dan attempted to excersize Lorenne
Lorenne the Lizard has worked out!
Zoo Keeper Dan attempted to excersize Sam
Sam the Snake has worked out!
Zoo Keeper Dan attempted to excersize Sarah
Sarah the Snake has worked out!
Zoo Keeper Dan attempted to excersize Carrie
Carrie the Cat has worked out!
Zoo Keeper Dan attempted to excersize Chris
Chris the Cat has worked out!
Zoo Keeper Dan attempted to excersize Lemons
Lemons the Lion has worked out!
Zoo Keeper Dan attempted to excersize Laurel
Laurel the Lion has worked out!
Zoo Keeper Dan attempted to excersize Daniel
Daniel the Dog excersized by roaming per usual
Zoo Keeper Dan attempted to excersize Darren
Darren the Dog excersized by roaming per usual
Zoo Keeper Dan attempted to excersize Warren
Warren the Wolf has worked out!
Zoo Keeper Dan attempted to excersize Will
Will the Wolf has worked out!
Zoo Keeper Dan attempted to excersize Harry
Harry the Hippo CHARGHED instead of sleeping!!
Zoo Keeper Dan attempted to excersize Hamlet
Hamlet the Hippo has excersized per usual.
Zoo Keeper Dan attempted to excersize Ryan
Ryan the Rhino has excersized per usual.
Zoo Keeper Dan attempted to excersize Rosalina
Rosalina the Rhino has excersized per usual.
Zoo Keeper Dan attempted to excersize Ellie
Ellie the Elephant has excersized per usual.
Zoo Keeper Dan attempted to excersize Elizabeth
Elizabeth the Elephant has excersized per usual.
Zoo Keeper Dan attempted to put Tony to sleep for the night.
Tony the Tiger selpt per usual.
Zoo Keeper Dan attempted to put Timmy to sleep for the night.
Timmy the Tiger made a squak instead of sleeping.
Zoo Keeper Dan attempted to put Larry to sleep for the night.
Larry the Lizard has gone to bed.
Zoo Keeper Dan attempted to put Lorenne to sleep for the night.
Lorenne the Lizard has gone to bed.
Zoo Keeper Dan attempted to put Sam to sleep for the night.
Sam the Snake has gone to bed.
Zoo Keeper Dan attempted to put Sarah to sleep for the night.
Sarah the Snake has gone to bed.
Zoo Keeper Dan attempted to put Carrie to sleep for the night.
Carrie the Cat made a squak instead of sleeping.
Zoo Keeper Dan attempted to put Chris to sleep for the night.
Chris the Cat roamed instead of sleeping.
Zoo Keeper Dan attempted to put Lemons to sleep for the night.
Lemons the Lion made a squak instead of sleeping.
Zoo Keeper Dan attempted to put Laurel to sleep for the night.
Laurel the Lion made a squak instead of sleeping.
Zoo Keeper Dan attempted to put Daniel to sleep for the night.
Daniel the Dog has gone to bed.
Zoo Keeper Dan attempted to put Darren to sleep for the night.
Darren the Dog has gone to bed.
Zoo Keeper Dan attempted to put Warren to sleep for the night.
Warren the Wolf has gone to bed.
Zoo Keeper Dan attempted to put Will to sleep for the night.
Will the Wolf has gone to bed.
Zoo Keeper Dan attempted to put Harry to sleep for the night.
Harry the Hippo has gone to bed.
Zoo Keeper Dan attempted to put Hamlet to sleep for the night.
Hamlet the Hippo has gone to bed.
Zoo Keeper Dan attempted to put Ryan to sleep for the night.
Ryan the Rhino has gone to bed.
Zoo Keeper Dan attempted to put Rosalina to sleep for the night.
Rosalina the Rhino has gone to bed.
Zoo Keeper Dan attempted to put Ellie to sleep for the night.
Ellie the Elephant has gone to bed.
Zoo Keeper Dan attempted to put Elizabeth to sleep for the night.
Elizabeth the Elephant has gone to bed.
The zookeeper Dan has left for day: 5
The zookeeper Dan has arrived for day: 6
Zoo Keeper Dan attempted to wake Tony
Tony the Tiger has awaken!!
Zoo Keeper Dan attempted to wake Timmy
Timmy the Tiger has awaken!!
Zoo Keeper Dan attempted to wake Larry
Larry the Lizard has awaken!!
Zoo Keeper Dan attempted to wake Lorenne
Lorenne the Lizard has awaken!!
Zoo Keeper Dan attempted to wake Sam
Sam the Snake has awaken!!
Zoo Keeper Dan attempted to wake Sarah
Sarah the Snake has awaken!!
Zoo Keeper Dan attempted to wake Carrie
Carrie the Cat has awaken!!
Zoo Keeper Dan attempted to wake Chris
Chris the Cat has awaken!!
Zoo Keeper Dan attempted to wake Lemons
Lemons the Lion has awaken!!
Zoo Keeper Dan attempted to wake Laurel
Laurel the Lion has awaken!!
Zoo Keeper Dan attempted to wake Daniel
Daniel the Dog has awaken!!
Zoo Keeper Dan attempted to wake Darren
Darren the Dog has awaken!!
Zoo Keeper Dan attempted to wake Warren
Warren the Wolf has awaken!!
Zoo Keeper Dan attempted to wake Will
Will the Wolf has awaken!!
Zoo Keeper Dan attempted to wake Harry
Harry the Hippo has awaken!!
Zoo Keeper Dan attempted to wake Hamlet
Hamlet the Hippo has awaken!!
Zoo Keeper Dan attempted to wake Ryan
Ryan the Rhino has awaken!!
Zoo Keeper Dan attempted to wake Rosalina
Rosalina the Rhino has awaken!!
Zoo Keeper Dan attempted to wake Ellie
Ellie the Elephant has awaken!!
Zoo Keeper Dan attempted to wake Elizabeth
Elizabeth the Elephant has awaken!!
Zoo Keeper Dan attempted to count Tony as present
Tony the Tiger says ROARRR!
Zoo Keeper Dan attempted to count Timmy as present
Timmy the Tiger says ROARRR!
Zoo Keeper Dan attempted to count Larry as present
Larry the Lizard says Haerggg!
Zoo Keeper Dan attempted to count Lorenne as present
Lorenne the Lizard says Haerggg!
Zoo Keeper Dan attempted to count Sam as present
Sam the Snake says Haerggg!
Zoo Keeper Dan attempted to count Sarah as present
Sarah the Snake says Haerggg!
Zoo Keeper Dan attempted to count Carrie as present
Carrie the Cat says meow!
Zoo Keeper Dan attempted to count Chris as present
Chris the Cat says meow!
Zoo Keeper Dan attempted to count Lemons as present
Lemons the Lion says ROARRRRRRRRRRR!
Zoo Keeper Dan attempted to count Laurel as present
Laurel the Lion says ROARRRRRRRRRRR!
Zoo Keeper Dan attempted to count Daniel as present
Daniel the Dog says Bark!
Zoo Keeper Dan attempted to count Darren as present
Darren the Dog says Bark!
Zoo Keeper Dan attempted to count Warren as present
Warren the Wolf says HOWLLLL!
Zoo Keeper Dan attempted to count Will as present
Will the Wolf says HOWLLLL!
Zoo Keeper Dan attempted to count Harry as present
Harry the Hippo says kaflump!
Zoo Keeper Dan attempted to count Hamlet as present
Hamlet the Hippo says kaflump!
Zoo Keeper Dan attempted to count Ryan as present
Ryan the Rhino says Merrr!
Zoo Keeper Dan attempted to count Rosalina as present
Rosalina the Rhino says Merrr!
Zoo Keeper Dan attempted to count Ellie as present
Ellie the Elephantsays Ooooooooo!
Zoo Keeper Dan attempted to count Elizabeth as present
Elizabeth the Elephantsays Ooooooooo!
Zoo Keeper Dan attempted to feed Tony
Tony the Tiger devoured its dinner!
Zoo Keeper Dan attempted to feed Timmy
Timmy the Tiger devoured its dinner!
Zoo Keeper Dan attempted to feed Larry
Larry the Lizard has eaten!
Zoo Keeper Dan attempted to feed Lorenne
Lorenne the Lizard has eaten!
Zoo Keeper Dan attempted to feed Sam
Sam the Snake has eaten!
Zoo Keeper Dan attempted to feed Sarah
Sarah the Snake has eaten!
Zoo Keeper Dan attempted to feed Carrie
Carrie the Cat slowly ate from a can.
Zoo Keeper Dan attempted to feed Chris
Chris the Cat slowly ate from a can.
Zoo Keeper Dan attempted to feed Lemons
Lemons the Lion has eaten!
Zoo Keeper Dan attempted to feed Laurel
Laurel the Lion has eaten!
Zoo Keeper Dan attempted to feed Daniel
Daniel the Dog has eaten!
Zoo Keeper Dan attempted to feed Darren
Darren the Dog has eaten!
Zoo Keeper Dan attempted to feed Warren
Warren the Wolf tore its dinner to shreds!
Zoo Keeper Dan attempted to feed Will
Will the Wolf tore its dinner to shreds!
Zoo Keeper Dan attempted to feed Harry
Harry the Hippo has eaten!
Zoo Keeper Dan attempted to feed Hamlet
Hamlet the Hippo has eaten!
Zoo Keeper Dan attempted to feed Ryan
Ryan the Rhino ate some Mcdonalds some the in the exibit!
Zoo Keeper Dan attempted to feed Rosalina
Rosalina the Rhino ate some Mcdonalds some the in the exibit!
Zoo Keeper Dan attempted to feed Ellie
Ellie the Elephant has eaten!
Zoo Keeper Dan attempted to feed Elizabeth
Elizabeth the Elephant has eaten!
Zoo Keeper Dan attempted to excersize Tony
Tony the Tiger has worked out!
Zoo Keeper Dan attempted to excersize Timmy
Timmy the Tiger has worked out!
Zoo Keeper Dan attempted to excersize Larry
Larry the Lizard has worked out!
Zoo Keeper Dan attempted to excersize Lorenne
Lorenne the Lizard has worked out!
Zoo Keeper Dan attempted to excersize Sam
Sam the Snake has worked out!
Zoo Keeper Dan attempted to excersize Sarah
Sarah the Snake has worked out!
Zoo Keeper Dan attempted to excersize Carrie
Carrie the Cat has worked out!
Zoo Keeper Dan attempted to excersize Chris
Chris the Cat has worked out!
Zoo Keeper Dan attempted to excersize Lemons
Lemons the Lion has worked out!
Zoo Keeper Dan attempted to excersize Laurel
Laurel the Lion has worked out!
Zoo Keeper Dan attempted to excersize Daniel
Daniel the Dog excersized by roaming per usual
Zoo Keeper Dan attempted to excersize Darren
Darren the Dog excersized by roaming per usual
Zoo Keeper Dan attempted to excersize Warren
Warren the Wolf has worked out!
Zoo Keeper Dan attempted to excersize Will
Will the Wolf has worked out!
Zoo Keeper Dan attempted to excersize Harry
Harry the Hippo CHARGHED instead of sleeping!!
Zoo Keeper Dan attempted to excersize Hamlet
Hamlet the Hippo has excersized per usual.
Zoo Keeper Dan attempted to excersize Ryan
Ryan the Rhino CHARGHED instead of sleeping!!
Zoo Keeper Dan attempted to excersize Rosalina
Rosalina the Rhino has excersized per usual.
Zoo Keeper Dan attempted to excersize Ellie
Ellie the Elephant CHARGHED instead of sleeping!!
Zoo Keeper Dan attempted to excersize Elizabeth
Elizabeth the Elephant CHARGHED instead of sleeping!!
Zoo Keeper Dan attempted to put Tony to sleep for the night.
Tony the Tiger made a squak instead of sleeping.
Zoo Keeper Dan attempted to put Timmy to sleep for the night.
Timmy the Tiger roamed instead of sleeping.
Zoo Keeper Dan attempted to put Larry to sleep for the night.
Larry the Lizard has gone to bed.
Zoo Keeper Dan attempted to put Lorenne to sleep for the night.
Lorenne the Lizard has gone to bed.
Zoo Keeper Dan attempted to put Sam to sleep for the night.
Sam the Snake has gone to bed.
Zoo Keeper Dan attempted to put Sarah to sleep for the night.
Sarah the Snake has gone to bed.
Zoo Keeper Dan attempted to put Carrie to sleep for the night.
Carrie the Cat made a squak instead of sleeping.
Zoo Keeper Dan attempted to put Chris to sleep for the night.
Chris the Cat made a squak instead of sleeping.
Zoo Keeper Dan attempted to put Lemons to sleep for the night.
Lemons the Lion roamed instead of sleeping.
Zoo Keeper Dan attempted to put Laurel to sleep for the night.
Laurel the Lion made a squak instead of sleeping.
Zoo Keeper Dan attempted to put Daniel to sleep for the night.
Daniel the Dog has gone to bed.
Zoo Keeper Dan attempted to put Darren to sleep for the night.
Darren the Dog has gone to bed.
Zoo Keeper Dan attempted to put Warren to sleep for the night.
Warren the Wolf has gone to bed.
Zoo Keeper Dan attempted to put Will to sleep for the night.
Will the Wolf has gone to bed.
Zoo Keeper Dan attempted to put Harry to sleep for the night.
Harry the Hippo has gone to bed.
Zoo Keeper Dan attempted to put Hamlet to sleep for the night.
Hamlet the Hippo has gone to bed.
Zoo Keeper Dan attempted to put Ryan to sleep for the night.
Ryan the Rhino has gone to bed.
Zoo Keeper Dan attempted to put Rosalina to sleep for the night.
Rosalina the Rhino has gone to bed.
Zoo Keeper Dan attempted to put Ellie to sleep for the night.
Ellie the Elephant has gone to bed.
Zoo Keeper Dan attempted to put Elizabeth to sleep for the night.
Elizabeth the Elephant has gone to bed.
The zookeeper Dan has left for day: 6
The zookeeper Dan has arrived for day: 7
Zoo Keeper Dan attempted to wake Tony
Tony the Tiger has awaken!!
Zoo Keeper Dan attempted to wake Timmy
Timmy the Tiger has awaken!!
Zoo Keeper Dan attempted to wake Larry
Larry the Lizard has awaken!!
Zoo Keeper Dan attempted to wake Lorenne
Lorenne the Lizard has awaken!!
Zoo Keeper Dan attempted to wake Sam
Sam the Snake has awaken!!
Zoo Keeper Dan attempted to wake Sarah
Sarah the Snake has awaken!!
Zoo Keeper Dan attempted to wake Carrie
Carrie the Cat has awaken!!
Zoo Keeper Dan attempted to wake Chris
Chris the Cat has awaken!!
Zoo Keeper Dan attempted to wake Lemons
Lemons the Lion has awaken!!
Zoo Keeper Dan attempted to wake Laurel
Laurel the Lion has awaken!!
Zoo Keeper Dan attempted to wake Daniel
Daniel the Dog has awaken!!
Zoo Keeper Dan attempted to wake Darren
Darren the Dog has awaken!!
Zoo Keeper Dan attempted to wake Warren
Warren the Wolf has awaken!!
Zoo Keeper Dan attempted to wake Will
Will the Wolf has awaken!!
Zoo Keeper Dan attempted to wake Harry
Harry the Hippo has awaken!!
Zoo Keeper Dan attempted to wake Hamlet
Hamlet the Hippo has awaken!!
Zoo Keeper Dan attempted to wake Ryan
Ryan the Rhino has awaken!!
Zoo Keeper Dan attempted to wake Rosalina
Rosalina the Rhino has awaken!!
Zoo Keeper Dan attempted to wake Ellie
Ellie the Elephant has awaken!!
Zoo Keeper Dan attempted to wake Elizabeth
Elizabeth the Elephant has awaken!!
Zoo Keeper Dan attempted to count Tony as present
Tony the Tiger says ROARRR!
Zoo Keeper Dan attempted to count Timmy as present
Timmy the Tiger says ROARRR!
Zoo Keeper Dan attempted to count Larry as present
Larry the Lizard says Haerggg!
Zoo Keeper Dan attempted to count Lorenne as present
Lorenne the Lizard says Haerggg!
Zoo Keeper Dan attempted to count Sam as present
Sam the Snake says Haerggg!
Zoo Keeper Dan attempted to count Sarah as present
Sarah the Snake says Haerggg!
Zoo Keeper Dan attempted to count Carrie as present
Carrie the Cat says meow!
Zoo Keeper Dan attempted to count Chris as present
Chris the Cat says meow!
Zoo Keeper Dan attempted to count Lemons as present
Lemons the Lion says ROARRRRRRRRRRR!
Zoo Keeper Dan attempted to count Laurel as present
Laurel the Lion says ROARRRRRRRRRRR!
Zoo Keeper Dan attempted to count Daniel as present
Daniel the Dog says Bark!
Zoo Keeper Dan attempted to count Darren as present
Darren the Dog says Bark!
Zoo Keeper Dan attempted to count Warren as present
Warren the Wolf says HOWLLLL!
Zoo Keeper Dan attempted to count Will as present
Will the Wolf says HOWLLLL!
Zoo Keeper Dan attempted to count Harry as present
Harry the Hippo says kaflump!
Zoo Keeper Dan attempted to count Hamlet as present
Hamlet the Hippo says kaflump!
Zoo Keeper Dan attempted to count Ryan as present
Ryan the Rhino says Merrr!
Zoo Keeper Dan attempted to count Rosalina as present
Rosalina the Rhino says Merrr!
Zoo Keeper Dan attempted to count Ellie as present
Ellie the Elephantsays Ooooooooo!
Zoo Keeper Dan attempted to count Elizabeth as present
Elizabeth the Elephantsays Ooooooooo!
Zoo Keeper Dan attempted to feed Tony
Tony the Tiger devoured its dinner!
Zoo Keeper Dan attempted to feed Timmy
Timmy the Tiger devoured its dinner!
Zoo Keeper Dan attempted to feed Larry
Larry the Lizard has eaten!
Zoo Keeper Dan attempted to feed Lorenne
Lorenne the Lizard has eaten!
Zoo Keeper Dan attempted to feed Sam
Sam the Snake has eaten!
Zoo Keeper Dan attempted to feed Sarah
Sarah the Snake has eaten!
Zoo Keeper Dan attempted to feed Carrie
Carrie the Cat slowly ate from a can.
Zoo Keeper Dan attempted to feed Chris
Chris the Cat slowly ate from a can.
Zoo Keeper Dan attempted to feed Lemons
Lemons the Lion has eaten!
Zoo Keeper Dan attempted to feed Laurel
Laurel the Lion has eaten!
Zoo Keeper Dan attempted to feed Daniel
Daniel the Dog has eaten!
Zoo Keeper Dan attempted to feed Darren
Darren the Dog has eaten!
Zoo Keeper Dan attempted to feed Warren
Warren the Wolf tore its dinner to shreds!
Zoo Keeper Dan attempted to feed Will
Will the Wolf tore its dinner to shreds!
Zoo Keeper Dan attempted to feed Harry
Harry the Hippo has eaten!
Zoo Keeper Dan attempted to feed Hamlet
Hamlet the Hippo has eaten!
Zoo Keeper Dan attempted to feed Ryan
Ryan the Rhino ate some Mcdonalds some the in the exibit!
Zoo Keeper Dan attempted to feed Rosalina
Rosalina the Rhino ate some Mcdonalds some the in the exibit!
Zoo Keeper Dan attempted to feed Ellie
Ellie the Elephant has eaten!
Zoo Keeper Dan attempted to feed Elizabeth
Elizabeth the Elephant has eaten!
Zoo Keeper Dan attempted to excersize Tony
Tony the Tiger has worked out!
Zoo Keeper Dan attempted to excersize Timmy
Timmy the Tiger has worked out!
Zoo Keeper Dan attempted to excersize Larry
Larry the Lizard has worked out!
Zoo Keeper Dan attempted to excersize Lorenne
Lorenne the Lizard has worked out!
Zoo Keeper Dan attempted to excersize Sam
Sam the Snake has worked out!
Zoo Keeper Dan attempted to excersize Sarah
Sarah the Snake has worked out!
Zoo Keeper Dan attempted to excersize Carrie
Carrie the Cat has worked out!
Zoo Keeper Dan attempted to excersize Chris
Chris the Cat has worked out!
Zoo Keeper Dan attempted to excersize Lemons
Lemons the Lion has worked out!
Zoo Keeper Dan attempted to excersize Laurel
Laurel the Lion has worked out!
Zoo Keeper Dan attempted to excersize Daniel
Daniel the Dog excersized by roaming per usual
Zoo Keeper Dan attempted to excersize Darren
Darren the Dog excersized by roaming per usual
Zoo Keeper Dan attempted to excersize Warren
Warren the Wolf has worked out!
Zoo Keeper Dan attempted to excersize Will
Will the Wolf has worked out!
Zoo Keeper Dan attempted to excersize Harry
Harry the Hippo has excersized per usual.
Zoo Keeper Dan attempted to excersize Hamlet
Hamlet the Hippo has excersized per usual.
Zoo Keeper Dan attempted to excersize Ryan
Ryan the Rhino has excersized per usual.
Zoo Keeper Dan attempted to excersize Rosalina
Rosalina the Rhino has excersized per usual.
Zoo Keeper Dan attempted to excersize Ellie
Ellie the Elephant has excersized per usual.
Zoo Keeper Dan attempted to excersize Elizabeth
Elizabeth the Elephant has excersized per usual.
Zoo Keeper Dan attempted to put Tony to sleep for the night.
Tony the Tiger made a squak instead of sleeping.
Zoo Keeper Dan attempted to put Timmy to sleep for the night.
Timmy the Tiger made a squak instead of sleeping.
Zoo Keeper Dan attempted to put Larry to sleep for the night.
Larry the Lizard has gone to bed.
Zoo Keeper Dan attempted to put Lorenne to sleep for the night.
Lorenne the Lizard has gone to bed.
Zoo Keeper Dan attempted to put Sam to sleep for the night.
Sam the Snake has gone to bed.
Zoo Keeper Dan attempted to put Sarah to sleep for the night.
Sarah the Snake has gone to bed.
Zoo Keeper Dan attempted to put Carrie to sleep for the night.
Carrie the Cat roamed instead of sleeping.
Zoo Keeper Dan attempted to put Chris to sleep for the night.
Chris the Cat made a squak instead of sleeping.
Zoo Keeper Dan attempted to put Lemons to sleep for the night.
Lemons the Lion selpt per usual.
Zoo Keeper Dan attempted to put Laurel to sleep for the night.
Laurel the Lion made a squak instead of sleeping.
Zoo Keeper Dan attempted to put Daniel to sleep for the night.
Daniel the Dog has gone to bed.
Zoo Keeper Dan attempted to put Darren to sleep for the night.
Darren the Dog has gone to bed.
Zoo Keeper Dan attempted to put Warren to sleep for the night.
Warren the Wolf has gone to bed.
Zoo Keeper Dan attempted to put Will to sleep for the night.
Will the Wolf has gone to bed.
Zoo Keeper Dan attempted to put Harry to sleep for the night.
Harry the Hippo has gone to bed.
Zoo Keeper Dan attempted to put Hamlet to sleep for the night.
Hamlet the Hippo has gone to bed.
Zoo Keeper Dan attempted to put Ryan to sleep for the night.
Ryan the Rhino has gone to bed.
Zoo Keeper Dan attempted to put Rosalina to sleep for the night.
Rosalina the Rhino has gone to bed.
Zoo Keeper Dan attempted to put Ellie to sleep for the night.
Ellie the Elephant has gone to bed.
Zoo Keeper Dan attempted to put Elizabeth to sleep for the night.
Elizabeth the Elephant has gone to bed.
The zookeeper Dan has left for day: 7
